d:\fullsail\current\graphics ii\gx2project\dx11uwa\dx11uwa\x64\debug\pch.pch
d:\fullsail\current\graphics ii\gx2project\dx11uwa\dx11uwa\x64\debug\vc140.pdb
d:\fullsail\current\graphics ii\gx2project\dx11uwa\dx11uwa\x64\debug\vc140.idb
d:\fullsail\current\graphics ii\gx2project\dx11uwa\dx11uwa\x64\debug\pch.obj
d:\fullsail\current\graphics ii\gx2project\dx11uwa\dx11uwa\x64\debug\deviceresources.obj
d:\fullsail\current\graphics ii\gx2project\dx11uwa\dx11uwa\x64\debug\modelloader.obj
d:\fullsail\current\graphics ii\gx2project\dx11uwa\dx11uwa\x64\debug\dx11uwamain.obj
d:\fullsail\current\graphics ii\gx2project\dx11uwa\dx11uwa\x64\debug\app.obj
d:\fullsail\current\graphics ii\gx2project\dx11uwa\dx11uwa\x64\debug\samplefpstextrenderer.obj
d:\fullsail\current\graphics ii\gx2project\dx11uwa\dx11uwa\x64\debug\ddstextureloader.obj
d:\fullsail\current\graphics ii\gx2project\dx11uwa\dx11uwa\x64\debug\sample3dscenerenderer.obj
d:\fullsail\current\graphics ii\gx2project\dx11uwa\x64\debug\dx11uwa\instancedvertexshader.cso
d:\fullsail\current\graphics ii\gx2project\dx11uwa\x64\debug\dx11uwa\samplepixelshader.cso
d:\fullsail\current\graphics ii\gx2project\dx11uwa\x64\debug\dx11uwa\samplevertexshader.cso
d:\fullsail\current\graphics ii\gx2project\dx11uwa\x64\debug\dx11uwa\dx11uwa.winmd
d:\fullsail\current\graphics ii\gx2project\dx11uwa\dx11uwa\x64\debug\resourcehandlingtask.state
d:\fullsail\current\graphics ii\gx2project\dx11uwa\dx11uwa\x64\debug\priconfig.xml
d:\fullsail\current\graphics ii\gx2project\dx11uwa\dx11uwa\x64\debug\priconfig.xml.intermediate
d:\fullsail\current\graphics ii\gx2project\dx11uwa\dx11uwa\x64\debug\layout.resfiles
d:\fullsail\current\graphics ii\gx2project\dx11uwa\dx11uwa\x64\debug\layout.resfiles.intermediate
d:\fullsail\current\graphics ii\gx2project\dx11uwa\dx11uwa\x64\debug\resources.resfiles
d:\fullsail\current\graphics ii\gx2project\dx11uwa\dx11uwa\x64\debug\resources.resfiles.intermediate
d:\fullsail\current\graphics ii\gx2project\dx11uwa\dx11uwa\x64\debug\pri.resfiles
d:\fullsail\current\graphics ii\gx2project\dx11uwa\dx11uwa\x64\debug\pri.resfiles.intermediate
d:\fullsail\current\graphics ii\gx2project\dx11uwa\x64\debug\dx11uwa\resources.pri
d:\fullsail\current\graphics ii\gx2project\dx11uwa\dx11uwa\x64\debug\qualifiers.txt
d:\fullsail\current\graphics ii\gx2project\dx11uwa\dx11uwa\x64\debug\qualifiers.txt.intermediate
d:\fullsail\current\graphics ii\gx2project\dx11uwa\dx11uwa\x64\debug\multiplequalifiersperdimensionfound.txt
d:\fullsail\current\graphics ii\gx2project\dx11uwa\dx11uwa\x64\debug\projectarchitectures.txt
d:\fullsail\current\graphics ii\gx2project\dx11uwa\x64\debug\dx11uwa\appxmanifest.xml
d:\fullsail\current\graphics ii\gx2project\dx11uwa\x64\debug\dx11uwa\dx11uwa.build.appxrecipe
d:\fullsail\current\graphics ii\gx2project\dx11uwa\x64\debug\dx11uwa\dx11uwa.ilk
d:\fullsail\current\graphics ii\gx2project\dx11uwa\x64\debug\dx11uwa\dx11uwa.exe
d:\fullsail\current\graphics ii\gx2project\dx11uwa\x64\debug\dx11uwa\dx11uwa.pdb
d:\fullsail\current\graphics ii\gx2project\dx11uwa\dx11uwa\x64\debug\embed.resfiles
d:\fullsail\current\graphics ii\gx2project\dx11uwa\dx11uwa\x64\debug\dx11uwa.tlog\cl.command.1.tlog
d:\fullsail\current\graphics ii\gx2project\dx11uwa\dx11uwa\x64\debug\dx11uwa.tlog\cl.read.1.tlog
d:\fullsail\current\graphics ii\gx2project\dx11uwa\dx11uwa\x64\debug\dx11uwa.tlog\cl.write.1.tlog
d:\fullsail\current\graphics ii\gx2project\dx11uwa\dx11uwa\x64\debug\dx11uwa.tlog\dx11uwa.read.1u.tlog
d:\fullsail\current\graphics ii\gx2project\dx11uwa\dx11uwa\x64\debug\dx11uwa.tlog\dx11uwa.write.1u.tlog
d:\fullsail\current\graphics ii\gx2project\dx11uwa\dx11uwa\x64\debug\dx11uwa.tlog\fxc.command.1.tlog
d:\fullsail\current\graphics ii\gx2project\dx11uwa\dx11uwa\x64\debug\dx11uwa.tlog\fxc.read.1.tlog
d:\fullsail\current\graphics ii\gx2project\dx11uwa\dx11uwa\x64\debug\dx11uwa.tlog\fxc.write.1.tlog
d:\fullsail\current\graphics ii\gx2project\dx11uwa\dx11uwa\x64\debug\dx11uwa.tlog\link.command.1.tlog
d:\fullsail\current\graphics ii\gx2project\dx11uwa\dx11uwa\x64\debug\dx11uwa.tlog\link.read.1.tlog
d:\fullsail\current\graphics ii\gx2project\dx11uwa\dx11uwa\x64\debug\dx11uwa.tlog\link.write.1.tlog
