d:\fullsail\current\graphics ii\gx2project\dx11uwa\dx11uwa\x64\release\pch.pch
d:\fullsail\current\graphics ii\gx2project\dx11uwa\dx11uwa\x64\release\vc140.pdb
d:\fullsail\current\graphics ii\gx2project\dx11uwa\dx11uwa\x64\release\pch.obj
d:\fullsail\current\graphics ii\gx2project\dx11uwa\dx11uwa\x64\release\deviceresources.obj
d:\fullsail\current\graphics ii\gx2project\dx11uwa\dx11uwa\x64\release\samplefpstextrenderer.obj
d:\fullsail\current\graphics ii\gx2project\dx11uwa\dx11uwa\x64\release\sample3dscenerenderer.obj
d:\fullsail\current\graphics ii\gx2project\dx11uwa\dx11uwa\x64\release\dx11uwamain.obj
d:\fullsail\current\graphics ii\gx2project\dx11uwa\dx11uwa\x64\release\modelloader.obj
d:\fullsail\current\graphics ii\gx2project\dx11uwa\dx11uwa\x64\release\app.obj
d:\fullsail\current\graphics ii\gx2project\dx11uwa\dx11uwa\x64\release\ddstextureloader.obj
d:\fullsail\current\graphics ii\gx2project\dx11uwa\x64\release\dx11uwa\instancedvertexshader.cso
d:\fullsail\current\graphics ii\gx2project\dx11uwa\x64\release\dx11uwa\lightpixelshader.cso
d:\fullsail\current\graphics ii\gx2project\dx11uwa\x64\release\dx11uwa\loadedpixelshader.cso
d:\fullsail\current\graphics ii\gx2project\dx11uwa\x64\release\dx11uwa\loadedvertexshader.cso
d:\fullsail\current\graphics ii\gx2project\dx11uwa\x64\release\dx11uwa\samplepixelshader.cso
d:\fullsail\current\graphics ii\gx2project\dx11uwa\x64\release\dx11uwa\samplevertexshader.cso
d:\fullsail\current\graphics ii\gx2project\dx11uwa\x64\release\dx11uwa\skyboxpixelshader.cso
d:\fullsail\current\graphics ii\gx2project\dx11uwa\x64\release\dx11uwa\skyboxvertexshader.cso
d:\fullsail\current\graphics ii\gx2project\dx11uwa\x64\release\dx11uwa\dx11uwa.winmd
d:\fullsail\current\graphics ii\gx2project\dx11uwa\dx11uwa\x64\release\resourcehandlingtask.state
d:\fullsail\current\graphics ii\gx2project\dx11uwa\dx11uwa\x64\release\priconfig.xml
d:\fullsail\current\graphics ii\gx2project\dx11uwa\dx11uwa\x64\release\priconfig.xml.intermediate
d:\fullsail\current\graphics ii\gx2project\dx11uwa\dx11uwa\x64\release\layout.resfiles
d:\fullsail\current\graphics ii\gx2project\dx11uwa\dx11uwa\x64\release\layout.resfiles.intermediate
d:\fullsail\current\graphics ii\gx2project\dx11uwa\dx11uwa\x64\release\resources.resfiles
d:\fullsail\current\graphics ii\gx2project\dx11uwa\dx11uwa\x64\release\resources.resfiles.intermediate
d:\fullsail\current\graphics ii\gx2project\dx11uwa\dx11uwa\x64\release\pri.resfiles
d:\fullsail\current\graphics ii\gx2project\dx11uwa\dx11uwa\x64\release\pri.resfiles.intermediate
d:\fullsail\current\graphics ii\gx2project\dx11uwa\x64\release\dx11uwa\resources.pri
d:\fullsail\current\graphics ii\gx2project\dx11uwa\dx11uwa\x64\release\qualifiers.txt
d:\fullsail\current\graphics ii\gx2project\dx11uwa\dx11uwa\x64\release\qualifiers.txt.intermediate
d:\fullsail\current\graphics ii\gx2project\dx11uwa\dx11uwa\x64\release\multiplequalifiersperdimensionfound.txt
d:\fullsail\current\graphics ii\gx2project\dx11uwa\dx11uwa\x64\release\projectarchitectures.txt
d:\fullsail\current\graphics ii\gx2project\dx11uwa\x64\release\dx11uwa\appxmanifest.xml
d:\fullsail\current\graphics ii\gx2project\dx11uwa\dx11uwa\x64\release\ilc\in\appxmanifest.xml
d:\fullsail\current\graphics ii\gx2project\dx11uwa\dx11uwa\x64\release\ilc\in\dx11uwa.pdb
d:\fullsail\current\graphics ii\gx2project\dx11uwa\dx11uwa\x64\release\ilc\in\dx11uwa.winmd
d:\fullsail\current\graphics ii\gx2project\dx11uwa\dx11uwa\x64\release\ilc\in\resources.pri
d:\fullsail\current\graphics ii\gx2project\dx11uwa\dx11uwa\x64\release\ilc\in\dx11uwa.exe
d:\fullsail\current\graphics ii\gx2project\dx11uwa\dx11uwa\x64\release\ilc\in\assets\alientree.dds
d:\fullsail\current\graphics ii\gx2project\dx11uwa\dx11uwa\x64\release\ilc\in\assets\grass_seamless.dds
d:\fullsail\current\graphics ii\gx2project\dx11uwa\dx11uwa\x64\release\ilc\in\assets\outputcube.dds
d:\fullsail\current\graphics ii\gx2project\dx11uwa\dx11uwa\x64\release\ilc\in\assets\watertower_diffuse.dds
d:\fullsail\current\graphics ii\gx2project\dx11uwa\dx11uwa\x64\release\ilc\in\assets\lockscreenlogo.scale-200.png
d:\fullsail\current\graphics ii\gx2project\dx11uwa\dx11uwa\x64\release\ilc\in\assets\splashscreen.scale-200.png
d:\fullsail\current\graphics ii\gx2project\dx11uwa\dx11uwa\x64\release\ilc\in\assets\square150x150logo.scale-200.png
d:\fullsail\current\graphics ii\gx2project\dx11uwa\dx11uwa\x64\release\ilc\in\assets\square44x44logo.scale-200.png
d:\fullsail\current\graphics ii\gx2project\dx11uwa\dx11uwa\x64\release\ilc\in\assets\square44x44logo.targetsize-24_altform-unplated.png
d:\fullsail\current\graphics ii\gx2project\dx11uwa\dx11uwa\x64\release\ilc\in\assets\storelogo.png
d:\fullsail\current\graphics ii\gx2project\dx11uwa\dx11uwa\x64\release\ilc\in\assets\wide310x150logo.scale-200.png
d:\fullsail\current\graphics ii\gx2project\dx11uwa\dx11uwa\x64\release\ilc\in\assets\alientree.obj
d:\fullsail\current\graphics ii\gx2project\dx11uwa\dx11uwa\x64\release\ilc\in\assets\skyboxcube.obj
d:\fullsail\current\graphics ii\gx2project\dx11uwa\dx11uwa\x64\release\ilc\in\assets\floorplane.obj
d:\fullsail\current\graphics ii\gx2project\dx11uwa\dx11uwa\x64\release\ilc\in\assets\watertower.obj
d:\fullsail\current\graphics ii\gx2project\dx11uwa\dx11uwa\x64\release\ilc\in\instancedvertexshader.cso
d:\fullsail\current\graphics ii\gx2project\dx11uwa\dx11uwa\x64\release\ilc\in\lightpixelshader.cso
d:\fullsail\current\graphics ii\gx2project\dx11uwa\dx11uwa\x64\release\ilc\in\loadedpixelshader.cso
d:\fullsail\current\graphics ii\gx2project\dx11uwa\dx11uwa\x64\release\ilc\in\loadedvertexshader.cso
d:\fullsail\current\graphics ii\gx2project\dx11uwa\dx11uwa\x64\release\ilc\in\samplepixelshader.cso
d:\fullsail\current\graphics ii\gx2project\dx11uwa\dx11uwa\x64\release\ilc\in\samplevertexshader.cso
d:\fullsail\current\graphics ii\gx2project\dx11uwa\dx11uwa\x64\release\ilc\in\skyboxpixelshader.cso
d:\fullsail\current\graphics ii\gx2project\dx11uwa\dx11uwa\x64\release\ilc\in\skyboxvertexshader.cso
d:\fullsail\current\graphics ii\gx2project\dx11uwa\dx11uwa\x64\release\ilc.dx11uwa.rsp
d:\fullsail\current\graphics ii\gx2project\dx11uwa\x64\release\dx11uwa\ilc\assets\alientree.dds
d:\fullsail\current\graphics ii\gx2project\dx11uwa\x64\release\dx11uwa\ilc\assets\alientree.obj
d:\fullsail\current\graphics ii\gx2project\dx11uwa\x64\release\dx11uwa\ilc\assets\floorplane.obj
d:\fullsail\current\graphics ii\gx2project\dx11uwa\x64\release\dx11uwa\ilc\assets\grass_seamless.dds
d:\fullsail\current\graphics ii\gx2project\dx11uwa\x64\release\dx11uwa\ilc\assets\lockscreenlogo.scale-200.png
d:\fullsail\current\graphics ii\gx2project\dx11uwa\x64\release\dx11uwa\ilc\assets\outputcube.dds
d:\fullsail\current\graphics ii\gx2project\dx11uwa\x64\release\dx11uwa\ilc\assets\skyboxcube.obj
d:\fullsail\current\graphics ii\gx2project\dx11uwa\x64\release\dx11uwa\ilc\assets\splashscreen.scale-200.png
d:\fullsail\current\graphics ii\gx2project\dx11uwa\x64\release\dx11uwa\ilc\assets\square150x150logo.scale-200.png
d:\fullsail\current\graphics ii\gx2project\dx11uwa\x64\release\dx11uwa\ilc\assets\square44x44logo.scale-200.png
d:\fullsail\current\graphics ii\gx2project\dx11uwa\x64\release\dx11uwa\ilc\assets\square44x44logo.targetsize-24_altform-unplated.png
d:\fullsail\current\graphics ii\gx2project\dx11uwa\x64\release\dx11uwa\ilc\assets\storelogo.png
d:\fullsail\current\graphics ii\gx2project\dx11uwa\x64\release\dx11uwa\ilc\assets\watertower.obj
d:\fullsail\current\graphics ii\gx2project\dx11uwa\x64\release\dx11uwa\ilc\assets\watertower_diffuse.dds
d:\fullsail\current\graphics ii\gx2project\dx11uwa\x64\release\dx11uwa\ilc\assets\wide310x150logo.scale-200.png
d:\fullsail\current\graphics ii\gx2project\dx11uwa\x64\release\dx11uwa\ilc\dx11uwa.exe
d:\fullsail\current\graphics ii\gx2project\dx11uwa\x64\release\dx11uwa\ilc\dx11uwa.pdb
d:\fullsail\current\graphics ii\gx2project\dx11uwa\x64\release\dx11uwa\ilc\dx11uwa.winmd
d:\fullsail\current\graphics ii\gx2project\dx11uwa\x64\release\dx11uwa\ilc\instancedvertexshader.cso
d:\fullsail\current\graphics ii\gx2project\dx11uwa\x64\release\dx11uwa\ilc\lightpixelshader.cso
d:\fullsail\current\graphics ii\gx2project\dx11uwa\x64\release\dx11uwa\ilc\loadedpixelshader.cso
d:\fullsail\current\graphics ii\gx2project\dx11uwa\x64\release\dx11uwa\ilc\loadedvertexshader.cso
d:\fullsail\current\graphics ii\gx2project\dx11uwa\x64\release\dx11uwa\ilc\resources.pri
d:\fullsail\current\graphics ii\gx2project\dx11uwa\x64\release\dx11uwa\ilc\samplepixelshader.cso
d:\fullsail\current\graphics ii\gx2project\dx11uwa\x64\release\dx11uwa\ilc\samplevertexshader.cso
d:\fullsail\current\graphics ii\gx2project\dx11uwa\x64\release\dx11uwa\ilc\skyboxpixelshader.cso
d:\fullsail\current\graphics ii\gx2project\dx11uwa\x64\release\dx11uwa\ilc\skyboxvertexshader.cso
d:\fullsail\current\graphics ii\gx2project\dx11uwa\x64\release\dx11uwa\dx11uwa.build.appxrecipe
d:\fullsail\current\graphics ii\gx2project\dx11uwa\x64\release\dx11uwa\dx11uwa.exe
d:\fullsail\current\graphics ii\gx2project\dx11uwa\x64\release\dx11uwa\dx11uwa.ipdb
d:\fullsail\current\graphics ii\gx2project\dx11uwa\x64\release\dx11uwa\dx11uwa.iobj
d:\fullsail\current\graphics ii\gx2project\dx11uwa\x64\release\dx11uwa\dx11uwa.pdb
d:\fullsail\current\graphics ii\gx2project\dx11uwa\dx11uwa\x64\release\embed.resfiles
d:\fullsail\current\graphics ii\gx2project\dx11uwa\dx11uwa\x64\release\dx11uwa.tlog\cl.command.1.tlog
d:\fullsail\current\graphics ii\gx2project\dx11uwa\dx11uwa\x64\release\dx11uwa.tlog\cl.read.1.tlog
d:\fullsail\current\graphics ii\gx2project\dx11uwa\dx11uwa\x64\release\dx11uwa.tlog\cl.write.1.tlog
d:\fullsail\current\graphics ii\gx2project\dx11uwa\dx11uwa\x64\release\dx11uwa.tlog\dx11uwa.read.1u.tlog
d:\fullsail\current\graphics ii\gx2project\dx11uwa\dx11uwa\x64\release\dx11uwa.tlog\dx11uwa.write.1u.tlog
d:\fullsail\current\graphics ii\gx2project\dx11uwa\dx11uwa\x64\release\dx11uwa.tlog\fxc.command.1.tlog
d:\fullsail\current\graphics ii\gx2project\dx11uwa\dx11uwa\x64\release\dx11uwa.tlog\fxc.read.1.tlog
d:\fullsail\current\graphics ii\gx2project\dx11uwa\dx11uwa\x64\release\dx11uwa.tlog\fxc.write.1.tlog
d:\fullsail\current\graphics ii\gx2project\dx11uwa\dx11uwa\x64\release\dx11uwa.tlog\link.command.1.tlog
d:\fullsail\current\graphics ii\gx2project\dx11uwa\dx11uwa\x64\release\dx11uwa.tlog\link.read.1.tlog
d:\fullsail\current\graphics ii\gx2project\dx11uwa\dx11uwa\x64\release\dx11uwa.tlog\link.write.1.tlog
